<?xml version="1.0" encoding="UTF-8"?>
<!-- Generated by org.testng.reporters.JUnitXMLReporter -->
<testsuite ignored="0" hostname="SumitNimbark-PC" failures="0" tests="4" name="RegressionTest" time="167.452" errors="0" timestamp="2019-10-19T23:43:59 IST">
  <testcase classname="Testcases.VerifyLoginPage" name="TestLoginPage" time="60.568"/>
  <testcase classname="Testcases.VerifyHomePage" name="TestHomePage" time="20.867"/>
  <testcase classname="Testcases.VerifyLoginPageWithReport" name="TestLoginPage" time="36.177"/>
  <testcase classname="Testcases.VerifyLoginPageWithReport2" name="TestLoginPage" time="42.691"/>
</testsuite> <!-- RegressionTest -->
