<?xml version="1.0" encoding="UTF-8"?>
<testsuite name="TestSuite" time="160.31" tests="4" errors="0" skipped="0" failures="0">
  <properties>
[...]
</properties>
  <testcase name="TestLoginPage" classname="Testcases.VerifyLoginPage" time="60.572"/>
  <testcase name="TestHomePage" classname="Testcases.VerifyHomePage" time="20.868"/>
  <testcase name="TestLoginPage" classname="Testcases.VerifyLoginPageWithReport" time="36.179"/>
  <testcase name="TestLoginPage" classname="Testcases.VerifyLoginPageWithReport2" time="42.691"/>
</testsuite>